{
  "stats": {
    "suites": 1,
    "tests": 1,
    "passes": 1,
    "pending": 0,
    "failures": 0,
    "start": "2022-01-22T19:52:51.411Z",
    "end": "2022-01-22T19:52:56.665Z",
    "duration": 5254,
    "testsRegistered": 1,
    "passPercent": 100,
    "pendingPercent": 0,
    "other": 0,
    "hasOther": false,
    "skipped": 0,
    "hasSkipped": false
  },
  "results": [
    {
      "uuid": "94222716-8279-4040-b6e6-1d10c8373e46",
      "title": "",
      "fullFile": "cypress/tests/registration.spec.js",
      "file": "cypress/tests/registration.spec.js",
      "beforeHooks": [],
      "afterHooks": [],
      "tests": [],
      "suites": [
        {
          "uuid": "88b90219-56aa-4751-9912-1e72b53e4142",
          "title": "Registration",
          "fullFile": "",
          "file": "",
          "beforeHooks": [],
          "afterHooks": [],
          "tests": [
            {
              "title": "When I inform the data and finish, then the registration must be done",
              "fullTitle": "Registration When I inform the data and finish, then the registration must be done",
              "timedOut": null,
              "duration": 5136,
              "state": "passed",
              "speed": "medium",
              "pass": true,
              "fail": false,
              "pending": false,
              "context": null,
              "code": "_registration.default.fillForm();\n_registration.default.submitForm();\n_registration.default.checkRegistrationSucessfully();",
              "err": {},
              "uuid": "f4cce1c1-4c01-4c6c-9284-7d1044fb3ae8",
              "parentUUID": "88b90219-56aa-4751-9912-1e72b53e4142",
              "isHook": false,
              "skipped": false
            }
          ],
          "suites": [],
          "passes": [
            "f4cce1c1-4c01-4c6c-9284-7d1044fb3ae8"
          ],
          "failures": [],
          "pending": [],
          "skipped": [],
          "duration": 5136,
          "root": false,
          "rootEmpty": false,
          "_timeout": 2000
        }
      ],
      "passes": [],
      "failures": [],
      "pending": [],
      "skipped": [],
      "duration": 0,
      "root": true,
      "rootEmpty": true,
      "_timeout": 2000
    }
  ],
  "meta": {
    "mocha": {
      "version": "7.0.1"
    },
    "mochawesome": {
      "options": {
        "quiet": true,
        "reportFilename": "mochawesome",
        "saveHtml": false,
        "saveJson": true,
        "consoleReporter": "spec",
        "useInlineDiffs": false,
        "code": true
      },
      "version": "7.0.1"
    },
    "marge": {
      "options": {
        "id": "default",
        "reportDir": "mochawesome-report",
        "quiet": true,
        "overwrite": false,
        "html": false,
        "json": true
      },
      "version": "6.0.1"
    }
  }
}