{
  "stats": {
    "suites": 1,
    "tests": 2,
    "passes": 2,
    "pending": 0,
    "failures": 0,
    "start": "2022-01-22T19:58:02.267Z",
    "end": "2022-01-22T19:58:05.124Z",
    "duration": 2857,
    "testsRegistered": 2,
    "passPercent": 100,
    "pendingPercent": 0,
    "other": 0,
    "hasOther": false,
    "skipped": 0,
    "hasSkipped": false
  },
  "results": [
    {
      "uuid": "e8e842b6-2bf2-4a64-abda-9f383a3e3b5b",
      "title": "",
      "fullFile": "cypress/tests/listing.spec.js",
      "file": "cypress/tests/listing.spec.js",
      "beforeHooks": [],
      "afterHooks": [],
      "tests": [],
      "suites": [
        {
          "uuid": "b13eb70b-feb8-41ee-aea2-4e870492b1be",
          "title": "Listagem",
          "fullFile": "",
          "file": "",
          "beforeHooks": [],
          "afterHooks": [],
          "tests": [
            {
              "title": "When there are no entries, then the listing must be empty",
              "fullTitle": "Listagem When there are no entries, then the listing must be empty",
              "timedOut": null,
              "duration": 2081,
              "state": "passed",
              "speed": "fast",
              "pass": true,
              "fail": false,
              "pending": false,
              "context": null,
              "code": "_listing.default.fillWithEmptyList();\ncy.visit('/listagem.html');\n_listing.default.checkIfListLengthIs0();",
              "err": {},
              "uuid": "4bc069b5-6233-49c6-a467-12c14e6d1e12",
              "parentUUID": "b13eb70b-feb8-41ee-aea2-4e870492b1be",
              "isHook": false,
              "skipped": false
            },
            {
              "title": "When there are one or more records, then the listing should display each record",
              "fullTitle": "Listagem When there are one or more records, then the listing should display each record",
              "timedOut": null,
              "duration": 670,
              "state": "passed",
              "speed": "fast",
              "pass": true,
              "fail": false,
              "pending": false,
              "context": null,
              "code": "_listing.default.fillWithListItens();\ncy.visit('/listagem.html');\n_listing.default.checkIfListLengthIsGreaterThan0();",
              "err": {},
              "uuid": "3876db09-4a12-4985-b1d8-bbc4bb840394",
              "parentUUID": "b13eb70b-feb8-41ee-aea2-4e870492b1be",
              "isHook": false,
              "skipped": false
            }
          ],
          "suites": [],
          "passes": [
            "4bc069b5-6233-49c6-a467-12c14e6d1e12",
            "3876db09-4a12-4985-b1d8-bbc4bb840394"
          ],
          "failures": [],
          "pending": [],
          "skipped": [],
          "duration": 2751,
          "root": false,
          "rootEmpty": false,
          "_timeout": 2000
        }
      ],
      "passes": [],
      "failures": [],
      "pending": [],
      "skipped": [],
      "duration": 0,
      "root": true,
      "rootEmpty": true,
      "_timeout": 2000
    }
  ],
  "meta": {
    "mocha": {
      "version": "7.0.1"
    },
    "mochawesome": {
      "options": {
        "quiet": true,
        "reportFilename": "mochawesome",
        "saveHtml": false,
        "saveJson": true,
        "consoleReporter": "spec",
        "useInlineDiffs": false,
        "code": true
      },
      "version": "7.0.1"
    },
    "marge": {
      "options": {
        "id": "default",
        "reportDir": "mochawesome-report",
        "quiet": true,
        "overwrite": false,
        "html": false,
        "json": true
      },
      "version": "6.0.1"
    }
  }
}