{
  "stats": {
    "suites": 1,
    "tests": 2,
    "passes": 2,
    "pending": 0,
    "failures": 0,
    "start": "2022-01-22T19:47:15.593Z",
    "end": "2022-01-22T19:47:18.218Z",
    "duration": 2625,
    "testsRegistered": 2,
    "passPercent": 100,
    "pendingPercent": 0,
    "other": 0,
    "hasOther": false,
    "skipped": 0,
    "hasSkipped": false
  },
  "results": [
    {
      "uuid": "70b74f21-dff0-4a6e-af56-8710c9b1401c",
      "title": "",
      "fullFile": "cypress/tests/listing.spec.js",
      "file": "cypress/tests/listing.spec.js",
      "beforeHooks": [],
      "afterHooks": [],
      "tests": [],
      "suites": [
        {
          "uuid": "15d8c0f3-50dd-42ee-bc7a-23010b806927",
          "title": "Listagem",
          "fullFile": "",
          "file": "",
          "beforeHooks": [],
          "afterHooks": [],
          "tests": [
            {
              "title": "When there are no entries, then the listing must be empty",
              "fullTitle": "Listagem When there are no entries, then the listing must be empty",
              "timedOut": null,
              "duration": 2065,
              "state": "passed",
              "speed": "fast",
              "pass": true,
              "fail": false,
              "pending": false,
              "context": null,
              "code": "_listing.default.fillWithEmptyList();\ncy.visit('/listagem.html');\n_listing.default.checkIfListLengthIs0();",
              "err": {},
              "uuid": "92966472-084d-48bc-b9e1-14bd7a7204f0",
              "parentUUID": "15d8c0f3-50dd-42ee-bc7a-23010b806927",
              "isHook": false,
              "skipped": false
            },
            {
              "title": "When there are one or more records, then the listing should display each record",
              "fullTitle": "Listagem When there are one or more records, then the listing should display each record",
              "timedOut": null,
              "duration": 457,
              "state": "passed",
              "speed": "fast",
              "pass": true,
              "fail": false,
              "pending": false,
              "context": null,
              "code": "_listing.default.fillWithListItens();\ncy.visit('/listagem.html');\n_listing.default.checkIfListLengthIsGreaterThan0();",
              "err": {},
              "uuid": "f31174f2-31ed-467c-87c6-42b3b13bac96",
              "parentUUID": "15d8c0f3-50dd-42ee-bc7a-23010b806927",
              "isHook": false,
              "skipped": false
            }
          ],
          "suites": [],
          "passes": [
            "92966472-084d-48bc-b9e1-14bd7a7204f0",
            "f31174f2-31ed-467c-87c6-42b3b13bac96"
          ],
          "failures": [],
          "pending": [],
          "skipped": [],
          "duration": 2522,
          "root": false,
          "rootEmpty": false,
          "_timeout": 2000
        }
      ],
      "passes": [],
      "failures": [],
      "pending": [],
      "skipped": [],
      "duration": 0,
      "root": true,
      "rootEmpty": true,
      "_timeout": 2000
    }
  ],
  "meta": {
    "mocha": {
      "version": "7.0.1"
    },
    "mochawesome": {
      "options": {
        "quiet": true,
        "reportFilename": "mochawesome",
        "saveHtml": false,
        "saveJson": true,
        "consoleReporter": "spec",
        "useInlineDiffs": false,
        "code": true
      },
      "version": "7.0.1"
    },
    "marge": {
      "options": {
        "id": "default",
        "reportDir": "mochawesome-report",
        "quiet": true,
        "overwrite": false,
        "html": false,
        "json": true
      },
      "version": "6.0.1"
    }
  }
}